<?xml version="1.0" encoding="UTF-8"?>
<!-- Generated by org.testng.reporters.JUnitReportReporter -->
<testsuite hostname="sys" name="day17.Cookiestesting1" tests="1" failures="0" timestamp="18 Jun 2015 13:52:42 GMT" time="17.544" errors="0">
  <testcase name="cookiesTest" time="17.544" classname="day17.Cookiestesting1"/>
</testsuite> <!-- day17.Cookiestesting1 -->
