<?xml version="1.0" encoding="UTF-8"?>
<!-- Generated by org.testng.reporters.JUnitReportReporter -->
<testsuite hostname="sys" name="day12.ImplicitWait" tests="1" failures="0" timestamp="11 Jun 2015 14:14:56 GMT" time="29.523" errors="0">
  <testcase name="waitTest" time="29.523" classname="day12.ImplicitWait"/>
</testsuite> <!-- day12.ImplicitWait -->
