<?xml version="1.0" encoding="UTF-8"?>
<!-- Generated by org.testng.reporters.JUnitReportReporter -->
<testsuite hostname="sys" name="day32.POMcontrol1" tests="1" failures="0" timestamp="8 Jul 2015 13:35:19 GMT" time="10.818" errors="0">
  <testcase name="pomControlTest" time="10.818" classname="day32.POMcontrol1"/>
</testsuite> <!-- day32.POMcontrol1 -->
