<?xml version="1.0" encoding="UTF-8"?>
<!-- Generated by org.testng.reporters.JUnitReportReporter -->
<testsuite hostname="sys" name="day21.DatdrivenTesting3" tests="1" failures="0" timestamp="25 Jun 2015 13:31:23 GMT" time="18.695" errors="0">
  <testcase name="datadrivenTest" time="18.695" classname="day21.DatdrivenTesting3"/>
</testsuite> <!-- day21.DatdrivenTesting3 -->
