<?xml version="1.0" encoding="UTF-8"?>
<!-- Generated by org.testng.reporters.JUnitReportReporter -->
<testsuite hostname="sys" name="day12.DynamicXpaths" tests="1" failures="0" timestamp="11 Jun 2015 13:24:14 GMT" time="13.733" errors="0">
  <testcase name="xpathTest" time="13.733" classname="day12.DynamicXpaths"/>
</testsuite> <!-- day12.DynamicXpaths -->
