<?xml version="1.0" encoding="UTF-8"?>
<!-- Generated by org.testng.reporters.JUnitReportReporter -->
<testsuite hostname="sys" name="day16.DragandDrop" tests="1" failures="0" timestamp="17 Jun 2015 14:20:51 GMT" time="11.614" errors="0">
  <testcase name="dragandDropTest" time="11.614" classname="day16.DragandDrop"/>
</testsuite> <!-- day16.DragandDrop -->
