<?xml version="1.0" encoding="UTF-8"?>
<!-- Generated by org.testng.reporters.JUnitReportReporter -->
<testsuite hostname="sys" name="day31.DatadrivenTestingOnDB" tests="1" failures="0" timestamp="7 Jul 2015 14:15:34 GMT" time="21.934" errors="0">
  <testcase name="DatadrivenTest" time="21.934" classname="day31.DatadrivenTestingOnDB"/>
</testsuite> <!-- day31.DatadrivenTestingOnDB -->
