<?xml version="1.0" encoding="UTF-8"?>
<!-- Generated by org.testng.reporters.JUnitReportReporter -->
<testsuite hostname="sys" name="day32.PomControl2" tests="1" failures="0" timestamp="8 Jul 2015 14:30:23 GMT" time="18.357" errors="0">
  <testcase name="pomControlTest" time="18.357" classname="day32.PomControl2"/>
</testsuite> <!-- day32.PomControl2 -->
