<?xml version="1.0" encoding="UTF-8"?>
<!-- Generated by org.testng.reporters.JUnitReportReporter -->
<testsuite hostname="sys" name="day27.ScreenshotOnGrid" tests="1" failures="0" timestamp="4 Jul 2015 02:45:28 GMT" time="16.393" errors="0">
  <testcase name="screenshottest" time="16.393" classname="day27.ScreenshotOnGrid"/>
</testsuite> <!-- day27.ScreenshotOnGrid -->
