<?xml version="1.0" encoding="UTF-8"?>
<!-- Generated by org.testng.reporters.JUnitReportReporter -->
<testsuite hostname="sys" name="day16.MouseHover" tests="1" failures="0" timestamp="17 Jun 2015 13:54:23 GMT" time="11.593" errors="0">
  <testcase name="mouseHoverTest" time="11.593" classname="day16.MouseHover"/>
</testsuite> <!-- day16.MouseHover -->
