<?xml version="1.0" encoding="UTF-8"?>
<!-- Generated by org.testng.reporters.JUnitReportReporter -->
<testsuite hostname="sys" name="day26.Login" tests="1" failures="0" timestamp="2 Jul 2015 01:55:27 GMT" time="57.951" errors="0">
  <testcase name="loginTest" time="57.951" classname="day26.Login"/>
</testsuite> <!-- day26.Login -->
