<?xml version="1.0" encoding="UTF-8"?>
<!-- Generated by org.testng.reporters.JUnitReportReporter -->
<testsuite hostname="sys" name="day22.GmailLoginKeywordDriven" tests="1" failures="0" timestamp="26 Jun 2015 13:37:52 GMT" time="12.414" errors="0">
  <testcase name="loginTest" time="12.414" classname="day22.GmailLoginKeywordDriven"/>
</testsuite> <!-- day22.GmailLoginKeywordDriven -->
