<?xml version="1.0" encoding="UTF-8"?>
<!-- Generated by org.testng.reporters.JUnitReportReporter -->
<testsuite hostname="sys" name="day27.ParallelTesting" tests="4" failures="0" timestamp="4 Jul 2015 02:26:18 GMT" time="130.149" errors="0">
  <testcase name="loginTest" time="20.117" classname="day27.ParallelTesting"/>
  <testcase name="loginTest" time="44.477" classname="day27.ParallelTesting"/>
  <testcase name="loginTest" time="28.418" classname="day27.ParallelTesting"/>
  <testcase name="loginTest" time="37.137" classname="day27.ParallelTesting"/>
</testsuite> <!-- day27.ParallelTesting -->
