<?xml version="1.0" encoding="UTF-8"?>
<!-- Generated by org.testng.reporters.JUnitReportReporter -->
<testsuite hostname="sys" name="day16.FramesTesting" tests="1" failures="0" timestamp="17 Jun 2015 13:36:15 GMT" time="9.602" errors="0">
  <testcase name="framesTest" time="9.602" classname="day16.FramesTesting"/>
</testsuite> <!-- day16.FramesTesting -->
