<?xml version="1.0" encoding="UTF-8"?>
<!-- Generated by org.testng.reporters.JUnitReportReporter -->
<testsuite hostname="sys" name="day26.NewtoursLogin" tests="1" failures="0" timestamp="2 Jul 2015 02:26:12 GMT" time="8.088" errors="0">
  <testcase name="loginTest" time="8.088" classname="day26.NewtoursLogin"/>
</testsuite> <!-- day26.NewtoursLogin -->
