<?xml version="1.0" encoding="UTF-8"?>
<!-- Generated by org.testng.reporters.JUnitReportReporter -->
<testsuite hostname="sys" name="orangehrm.AddEmployee" tests="1" failures="0" timestamp="10 Jul 2015 14:12:28 GMT" time="4.709" errors="0">
  <testcase name="addEmployeetest" time="4.709" classname="orangehrm.AddEmployee"/>
</testsuite> <!-- orangehrm.AddEmployee -->
