<?xml version="1.0" encoding="UTF-8"?>
<!-- Generated by org.testng.reporters.JUnitReportReporter -->
<testsuite hostname="sys" name="day18.WebtableTesting1" tests="1" failures="0" timestamp="19 Jun 2015 13:22:51 GMT" time="11.262" errors="0">
  <testcase name="webtableTest" time="11.262" classname="day18.WebtableTesting1"/>
</testsuite> <!-- day18.WebtableTesting1 -->
