<?xml version="1.0" encoding="UTF-8"?>
<!-- Generated by org.testng.reporters.JUnitReportReporter -->
<testsuite hostname="sys" name="day20.DatadrivenTesting1" tests="1" failures="0" timestamp="24 Jun 2015 13:42:39 GMT" time="47.108" errors="0">
  <testcase name="datadrivenTest" time="47.108" classname="day20.DatadrivenTesting1"/>
</testsuite> <!-- day20.DatadrivenTesting1 -->
