<?xml version="1.0" encoding="UTF-8"?>
<!-- Generated by org.testng.reporters.JUnitReportReporter -->
<testsuite hostname="sys" name="day19.WebtableExcel" tests="1" failures="0" timestamp="22 Jun 2015 14:31:21 GMT" time="14.513" errors="0">
  <testcase name="webtableTest" time="14.513" classname="day19.WebtableExcel"/>
</testsuite> <!-- day19.WebtableExcel -->
