<?xml version="1.0" encoding="UTF-8"?>
<!-- Generated by org.testng.reporters.JUnitReportReporter -->
<testsuite hostname="sys" name="orangehrm.Login" tests="1" failures="0" timestamp="10 Jul 2015 14:12:28 GMT" time="14.485" errors="0">
  <testcase name="loginTest" time="14.485" classname="orangehrm.Login"/>
</testsuite> <!-- orangehrm.Login -->
