<?xml version="1.0" encoding="UTF-8"?>
<!-- Generated by org.testng.reporters.JUnitReportReporter -->
<testsuite hostname="sys" name="day17.AjaxTesting1" tests="1" failures="0" timestamp="18 Jun 2015 13:30:54 GMT" time="8.016" errors="0">
  <testcase name="ajaxTest" time="8.016" classname="day17.AjaxTesting1"/>
</testsuite> <!-- day17.AjaxTesting1 -->
