<?xml version="1.0" encoding="UTF-8"?>
<!-- Generated by org.testng.reporters.JUnitReportReporter -->
<testsuite hostname="sys" name="day13.ExplicitWait_Fluentwait" tests="1" failures="0" timestamp="12 Jun 2015 14:13:47 GMT" time="23.834" errors="0">
  <testcase name="waitTest" time="23.834" classname="day13.ExplicitWait_Fluentwait"/>
</testsuite> <!-- day13.ExplicitWait_Fluentwait -->
