<?xml version="1.0" encoding="UTF-8"?>
<!-- Generated by org.testng.reporters.JUnitReportReporter -->
<testsuite hostname="sys" name="day27.DatdrivenTestingOnGrid" tests="2" failures="0" timestamp="4 Jul 2015 02:55:47 GMT" time="85.985" errors="0">
  <testcase name="linkTest" time="37.062" classname="day27.DatdrivenTestingOnGrid"/>
  <testcase name="linkTest" time="48.923" classname="day27.DatdrivenTestingOnGrid"/>
</testsuite> <!-- day27.DatdrivenTestingOnGrid -->
