<?xml version="1.0" encoding="UTF-8"?>
<!-- Generated by org.testng.reporters.JUnitReportReporter -->
<testsuite hostname="sys" name="day16.RightClick" tests="1" failures="0" timestamp="17 Jun 2015 14:09:05 GMT" time="7.446" errors="0">
  <testcase name="rightClickTest" time="7.446" classname="day16.RightClick"/>
</testsuite> <!-- day16.RightClick -->
