<?xml version="1.0" encoding="UTF-8"?>
<!-- Generated by org.testng.reporters.JUnitReportReporter -->
<testsuite hostname="sys" name="day15.MultipleWindows1" tests="1" failures="0" timestamp="16 Jun 2015 14:23:57 GMT" time="87.000" errors="0">
  <testcase name="multipleWindowTest" time="87.000" classname="day15.MultipleWindows1"/>
</testsuite> <!-- day15.MultipleWindows1 -->
