<?xml version="1.0" encoding="UTF-8"?>
<!-- Generated by org.testng.reporters.JUnitReportReporter -->
<testsuite hostname="sys" name="day18.WebtableDynamic" tests="1" failures="0" timestamp="19 Jun 2015 13:49:40 GMT" time="13.071" errors="0">
  <testcase name="webtableTest" time="13.071" classname="day18.WebtableDynamic"/>
</testsuite> <!-- day18.WebtableDynamic -->
