<?xml version="1.0" encoding="UTF-8"?>
<!-- Generated by org.testng.reporters.JUnitReportReporter -->
<testsuite hostname="sys" name="day11.LinksTest" tests="1" failures="0" timestamp="10 Jun 2015 13:57:24 GMT" time="11.262" errors="0">
  <testcase name="linksTest" time="11.262" classname="day11.LinksTest"/>
</testsuite> <!-- day11.LinksTest -->
