<?xml version="1.0" encoding="UTF-8"?>
<!-- Generated by org.testng.reporters.JUnitReportReporter -->
<testsuite hostname="sys" name="day21.GmailLoginusingProperties" tests="1" failures="0" timestamp="25 Jun 2015 13:58:02 GMT" time="13.262" errors="0">
  <testcase name="loginTest" time="13.262" classname="day21.GmailLoginusingProperties"/>
</testsuite> <!-- day21.GmailLoginusingProperties -->
