<?xml version="1.0" encoding="UTF-8"?>
<!-- Generated by org.testng.reporters.JUnitReportReporter -->
<testsuite hostname="sys" name="day27.GmailLoginDataProvider" tests="2" failures="0" timestamp="4 Jul 2015 01:56:07 GMT" time="39.630" errors="0">
  <testcase name="loginTest" time="24.310" classname="day27.GmailLoginDataProvider"/>
  <testcase name="loginTest" time="15.320" classname="day27.GmailLoginDataProvider"/>
</testsuite> <!-- day27.GmailLoginDataProvider -->
