<?xml version="1.0" encoding="UTF-8"?>
<!-- Generated by org.testng.reporters.JUnitReportReporter -->
<testsuite hostname="sys" name="day13.Explicitwait_Webdriverwait" tests="1" failures="0" timestamp="12 Jun 2015 13:53:27 GMT" time="28.267" errors="0">
  <testcase name="waitTest" time="28.267" classname="day13.Explicitwait_Webdriverwait"/>
</testsuite> <!-- day13.Explicitwait_Webdriverwait -->
