<?xml version="1.0" encoding="UTF-8"?>
<!-- Generated by org.testng.reporters.JUnitReportReporter -->
<testsuite hostname="sys" name="day6.DropdownExcel" tests="1" failures="0" timestamp="22 Jun 2015 14:15:32 GMT" time="74.850" errors="0">
  <testcase name="dropdowntest" time="74.850" classname="day6.DropdownExcel"/>
</testsuite> <!-- day6.DropdownExcel -->
