<?xml version="1.0" encoding="UTF-8"?>
<!-- Generated by org.testng.reporters.JUnitReportReporter -->
<testsuite hostname="sys" name="day18.WebtableTesting2" tests="1" failures="0" timestamp="19 Jun 2015 13:36:14 GMT" time="16.712" errors="0">
  <testcase name="webtableTest" time="16.712" classname="day18.WebtableTesting2"/>
</testsuite> <!-- day18.WebtableTesting2 -->
