<?xml version="1.0" encoding="UTF-8"?>
<!-- Generated by org.testng.reporters.JUnitReportReporter -->
<testsuite hostname="sys" name="day11.Sample" tests="3" failures="0" timestamp="10 Jun 2015 13:48:34 GMT" time="0.018" errors="0">
  <testcase name="logout" time="0.002" classname="day11.Sample"/>
  <testcase name="loginTest" time="0.008" classname="day11.Sample"/>
  <testcase name="registrationTest" time="0.008" classname="day11.Sample"/>
</testsuite> <!-- day11.Sample -->
