<?xml version="1.0" encoding="UTF-8"?>
<!-- Generated by org.testng.reporters.JUnitReportReporter -->
<testsuite hostname="sys" name="day20.DatadrivenTesting2" tests="1" failures="0" timestamp="24 Jun 2015 14:11:33 GMT" time="21.267" errors="0">
  <testcase name="datadrivenTest" time="21.267" classname="day20.DatadrivenTesting2"/>
</testsuite> <!-- day20.DatadrivenTesting2 -->
