<?xml version="1.0" encoding="UTF-8"?>
<!-- Generated by org.testng.reporters.JUnitReportReporter -->
<testsuite hostname="sys" name="day23.WebtableCalander" tests="1" failures="0" timestamp="27 Jun 2015 14:15:17 GMT" time="32.732" errors="0">
  <testcase name="calanderTest" time="32.732" classname="day23.WebtableCalander"/>
</testsuite> <!-- day23.WebtableCalander -->
