<?xml version="1.0" encoding="UTF-8"?>
<!-- Generated by org.testng.reporters.JUnitReportReporter -->
<testsuite hostname="sys" name="day18.JavaScriptExecutorPrograms" tests="1" failures="0" timestamp="19 Jun 2015 14:21:34 GMT" time="12.874" errors="0">
  <testcase name="alertHandling" time="12.874" classname="day18.JavaScriptExecutorPrograms"/>
</testsuite> <!-- day18.JavaScriptExecutorPrograms -->
